<?xml version="1.0" encoding="UTF-8"?>
<!-- Generated by org.testng.reporters.JUnitReportReporter -->
<testsuite hostname="LAPTOP-LRQTVAVU" failures="0" tests="1" name="com.vtiger.test.TestMaven" time="0.012" errors="0" timestamp="2022-06-29T16:26:25 IST" skipped="0">
  <testcase classname="com.vtiger.test.TestMaven" name="Demo" time="0.012"/>
  <system-out/>
</testsuite> <!-- com.vtiger.test.TestMaven -->
